# JRE version: Java(TM) SE Runtime Environment (8.0_321-b07) (build 1.8.0_321-b07)
# Java VM: Java HotSpot(TM) 64-Bit Server VM (25.321-b07 mixed mode windows-amd64 compressed oops)
Heap:
 PSYoungGen      total 124928K, used 37749K [0x0000000758c00000, 0x0000000763800000, 0x00000007c0000000)
  eden space 112128K, 22% used [0x0000000758c00000,0x000000075a461f28,0x000000075f980000)
  from space 12800K, 99% used [0x000000075f980000,0x00000007605fb660,0x0000000760600000)
  to   space 15360K, 0% used [0x0000000762900000,0x0000000762900000,0x0000000763800000)
 ParOldGen       total 224768K, used 16589K [0x000000068a400000, 0x0000000697f80000, 0x0000000758c00000)
  object space 224768K, 7% used [0x000000068a400000,0x000000068b4337a0,0x0000000697f80000)
 Metaspace       used 44466K, capacity 45830K, committed 46000K, reserved 1089536K
  class space    used 5952K, capacity 6270K, committed 6320K, reserved 1048576K
GC Heap History (10 events):
Event: 1.452 GC heap before
{Heap before GC invocations=3 (full 1):
 PSYoungGen      total 92672K, used 9154K [0x0000000758c00000, 0x000000075f300000, 0x00000007c0000000)
  eden space 79872K, 0% used [0x0000000758c00000,0x0000000758c00000,0x000000075da00000)
  from space 12800K, 71% used [0x000000075e680000,0x000000075ef708d8,0x000000075f300000)
  to   space 12800K, 0% used [0x000000075da00000,0x000000075da00000,0x000000075e680000)
 ParOldGen       total 211968K, used 88K [0x000000068a400000, 0x0000000697300000, 0x0000000758c00000)
  object space 211968K, 0% used [0x000000068a400000,0x000000068a416010,0x0000000697300000)
 Metaspace       used 20856K, capacity 21110K, committed 21296K, reserved 1067008K
  class space    used 2737K, capacity 2820K, committed 2864K, reserved 1048576K
Event: 1.469 GC heap after
Heap after GC invocations=3 (full 1):
 PSYoungGen      total 92672K, used 0K [0x0000000758c00000, 0x000000075f300000, 0x00000007c0000000)
  eden space 79872K, 0% used [0x0000000758c00000,0x0000000758c00000,0x000000075da00000)
  from space 12800K, 0% used [0x000000075e680000,0x000000075e680000,0x000000075f300000)
  to   space 12800K, 0% used [0x000000075da00000,0x000000075da00000,0x000000075e680000)
 ParOldGen       total 136192K, used 8800K [0x000000068a400000, 0x0000000692900000, 0x0000000758c00000)
  object space 136192K, 6% used [0x000000068a400000,0x000000068ac981c0,0x0000000692900000)
 Metaspace       used 20856K, capacity 21110K, committed 21296K, reserved 1067008K
  class space    used 2737K, capacity 2820K, committed 2864K, reserved 1048576K
}
Event: 1.841 GC heap before
{Heap before GC invocations=4 (full 1):
 PSYoungGen      total 92672K, used 79872K [0x0000000758c00000, 0x000000075f300000, 0x00000007c0000000)
  eden space 79872K, 100% used [0x0000000758c00000,0x000000075da00000,0x000000075da00000)
  from space 12800K, 0% used [0x000000075e680000,0x000000075e680000,0x000000075f300000)
  to   space 12800K, 0% used [0x000000075da00000,0x000000075da00000,0x000000075e680000)
 ParOldGen       total 136192K, used 8800K [0x000000068a400000, 0x0000000692900000, 0x0000000758c00000)
  object space 136192K, 6% used [0x000000068a400000,0x000000068ac981c0,0x0000000692900000)
 Metaspace       used 26780K, capacity 27240K, committed 27696K, reserved 1073152K
  class space    used 3646K, capacity 3765K, committed 3888K, reserved 1048576K
Event: 1.843 GC heap after
Heap after GC invocations=4 (full 1):
 PSYoungGen      total 92672K, used 5725K [0x0000000758c00000, 0x0000000761280000, 0x00000007c0000000)
  eden space 79872K, 0% used [0x0000000758c00000,0x0000000758c00000,0x000000075da00000)
  from space 12800K, 44% used [0x000000075da00000,0x000000075df977f8,0x000000075e680000)
  to   space 12800K, 0% used [0x0000000760600000,0x0000000760600000,0x0000000761280000)
 ParOldGen       total 136192K, used 8808K [0x000000068a400000, 0x0000000692900000, 0x0000000758c00000)
  object space 136192K, 6% used [0x000000068a400000,0x000000068ac9a1c0,0x0000000692900000)
 Metaspace       used 26780K, capacity 27240K, committed 27696K, reserved 1073152K
  class space    used 3646K, capacity 3765K, committed 3888K, reserved 1048576K
}
Event: 2.394 GC heap before
{Heap before GC invocations=5 (full 1):
 PSYoungGen      total 92672K, used 70245K [0x0000000758c00000, 0x0000000761280000, 0x00000007c0000000)
  eden space 79872K, 80% used [0x0000000758c00000,0x000000075cb01ed8,0x000000075da00000)
  from space 12800K, 44% used [0x000000075da00000,0x000000075df977f8,0x000000075e680000)
  to   space 12800K, 0% used [0x0000000760600000,0x0000000760600000,0x0000000761280000)
 ParOldGen       total 136192K, used 8808K [0x000000068a400000, 0x0000000692900000, 0x0000000758c00000)
  object space 136192K, 6% used [0x000000068a400000,0x000000068ac9a1c0,0x0000000692900000)
 Metaspace       used 34724K, capacity 35272K, committed 35496K, reserved 1079296K
  class space    used 4679K, capacity 4847K, committed 4912K, reserved 1048576K
Event: 2.401 GC heap after
Heap after GC invocations=5 (full 1):
 PSYoungGen      total 124928K, used 10339K [0x0000000758c00000, 0x0000000761500000, 0x00000007c0000000)
  eden space 112128K, 0% used [0x0000000758c00000,0x0000000758c00000,0x000000075f980000)
  from space 12800K, 80% used [0x0000000760600000,0x0000000761018d10,0x0000000761280000)
  to   space 12800K, 0% used [0x000000075f980000,0x000000075f980000,0x0000000760600000)
 ParOldGen       total 136192K, used 8816K [0x000000068a400000, 0x0000000692900000, 0x0000000758c00000)
  object space 136192K, 6% used [0x000000068a400000,0x000000068ac9c1c0,0x0000000692900000)
 Metaspace       used 34724K, capacity 35272K, committed 35496K, reserved 1079296K
  class space    used 4679K, capacity 4847K, committed 4912K, reserved 1048576K
}
Event: 2.401 GC heap before
{Heap before GC invocations=6 (full 2):
 PSYoungGen      total 124928K, used 10339K [0x0000000758c00000, 0x0000000761500000, 0x00000007c0000000)
  eden space 112128K, 0% used [0x0000000758c00000,0x0000000758c00000,0x000000075f980000)
  from space 12800K, 80% used [0x0000000760600000,0x0000000761018d10,0x0000000761280000)
  to   space 12800K, 0% used [0x000000075f980000,0x000000075f980000,0x0000000760600000)
 ParOldGen       total 136192K, used 8816K [0x000000068a400000, 0x0000000692900000, 0x0000000758c00000)
  object space 136192K, 6% used [0x000000068a400000,0x000000068ac9c1c0,0x0000000692900000)
 Metaspace       used 34724K, capacity 35272K, committed 35496K, reserved 1079296K
  class space    used 4679K, capacity 4847K, committed 4912K, reserved 1048576K
Event: 2.421 GC heap after
Heap after GC invocations=6 (full 2):
 PSYoungGen      total 124928K, used 0K [0x0000000758c00000, 0x0000000761500000, 0x00000007c0000000)
  eden space 112128K, 0% used [0x0000000758c00000,0x0000000758c00000,0x000000075f980000)
  from space 12800K, 0% used [0x0000000760600000,0x0000000760600000,0x0000000761280000)
  to   space 12800K, 0% used [0x000000075f980000,0x000000075f980000,0x0000000760600000)
 ParOldGen       total 224768K, used 15269K [0x000000068a400000, 0x0000000697f80000, 0x0000000758c00000)
  object space 224768K, 6% used [0x000000068a400000,0x000000068b2e95d8,0x0000000697f80000)
 Metaspace       used 34724K, capacity 35272K, committed 35496K, reserved 1079296K
  class space    used 4679K, capacity 4847K, committed 4912K, reserved 1048576K
}
Event: 12.253 GC heap before
{Heap before GC invocations=7 (full 2):
 PSYoungGen      total 124928K, used 112128K [0x0000000758c00000, 0x0000000761500000, 0x00000007c0000000)
  eden space 112128K, 100% used [0x0000000758c00000,0x000000075f980000,0x000000075f980000)
  from space 12800K, 0% used [0x0000000760600000,0x0000000760600000,0x0000000761280000)
  to   space 12800K, 0% used [0x000000075f980000,0x000000075f980000,0x0000000760600000)
 ParOldGen       total 224768K, used 15269K [0x000000068a400000, 0x0000000697f80000, 0x0000000758c00000)
  object space 224768K, 6% used [0x000000068a400000,0x000000068b2e95d8,0x0000000697f80000)
 Metaspace       used 44183K, capacity 45546K, committed 45744K, reserved 1089536K
  class space    used 5948K, capacity 6266K, committed 6320K, reserved 1048576K
Event: 12.261 GC heap after
Heap after GC invocations=7 (full 2):
 PSYoungGen      total 124928K, used 12781K [0x0000000758c00000, 0x0000000763800000, 0x00000007c0000000)
  eden space 112128K, 0% used [0x0000000758c00000,0x0000000758c00000,0x000000075f980000)
  from space 12800K, 99% used [0x000000075f980000,0x00000007605fb660,0x0000000760600000)
  to   space 15360K, 0% used [0x0000000762900000,0x0000000762900000,0x0000000763800000)
 ParOldGen       total 224768K, used 16589K [0x000000068a400000, 0x0000000697f80000, 0x0000000758c00000)
  object space 224768K, 7% used [0x000000068a400000,0x000000068b4337a0,0x0000000697f80000)
 Metaspace       used 44183K, capacity 45546K, committed 45744K, reserved 1089536K
  class space    used 5948K, capacity 6266K, committed 6320K, reserved 1048576K
}

